/*
 *  CMSIS Pack Debug Access Sequence Log
 *  File        : D:\study\STM32\practice\gpio\prj\f411_proj_Sequences_0000.log
 *  Created     : 23:35:40 (01/06/2023)
 *  Device      : STM32F411CEUx
 *  PDSC File   : C:/Users/anping/AppData/Local/Arm/Packs/Keil/STM32F4xx_DFP/2.17.0/Keil.STM32F4xx_DFP.pdsc
 *  Config File : D:\study\STM32\practice\gpio\prj\DebugConfig\Target_1_STM32F411CEUx.dbgconf
 *
 */

[23:35:40.760]  **********  Sequence "DebugDeviceUnlock"  (Context="Connect", Pname="", info="")
[23:35:40.761]  
[23:35:40.762]  <debugvars>
[23:35:40.762]    // Pre-defined
[23:35:40.763]    __protocol=0x00010002      (Protocol="SWD", SWJ-DP="True")
[23:35:40.764]    __connection=0x00000202    (Connection Type="Flash", Reset Type="System Reset")
[23:35:40.765]    __dp=0x00000000
[23:35:40.765]    __ap=0x00000000
[23:35:40.766]    __traceout=0x00000000      (Trace Disabled)
[23:35:40.766]    __errorcontrol=0x00000000  (Skip Errors="False")
[23:35:40.767]    __FlashAddr=0x00000000
[23:35:40.767]    __FlashLen=0x00000000
[23:35:40.767]    __FlashArg=0x00000000
[23:35:40.768]    __FlashOp=0x00000000
[23:35:40.768]    __Result=0x00000000
[23:35:40.768]    
[23:35:40.768]    // User-defined
[23:35:40.768]    DbgMCU_CR=0x00000007
[23:35:40.769]    DbgMCU_APB1_Fz=0x00000000
[23:35:40.769]    DbgMCU_APB2_Fz=0x00000000
[23:35:40.769]    TraceClk_Pin=0x00040002
[23:35:40.770]    TraceD0_Pin=0x00040003
[23:35:40.770]    TraceD1_Pin=0x00040004
[23:35:40.771]    TraceD2_Pin=0x00040005
[23:35:40.771]    TraceD3_Pin=0x00040006
[23:35:40.771]  </debugvars>
[23:35:40.771]  
[23:35:40.772]  <sequence name="DebugDeviceUnlock" Pname="" disable="false" info="">
[23:35:40.772]    <block atomic="false" info="">
[23:35:40.772]      Sequence("CheckID");
[23:35:40.773]        <sequence name="CheckID" Pname="" disable="false" info="">
[23:35:40.773]          <block atomic="false" info="">
[23:35:40.773]            __var pidr1 = 0;
[23:35:40.774]              // -> [pidr1 <= 0x00000000]
[23:35:40.774]            __var pidr2 = 0;
[23:35:40.774]              // -> [pidr2 <= 0x00000000]
[23:35:40.775]            __var jep106id = 0;
[23:35:40.775]              // -> [jep106id <= 0x00000000]
[23:35:40.776]            __var ROMTableBase = 0;
[23:35:40.776]              // -> [ROMTableBase <= 0x00000000]
[23:35:40.776]            __ap = 0;      // AHB-AP
[23:35:40.776]              // -> [__ap <= 0x00000000]
[23:35:40.777]            ROMTableBase = ReadAP(0xF8) & ~0x3;
[23:35:40.778]              // -> [ReadAP(0x000000F8) => 0xE00FF003]   (__dp=0x00000000, __ap=0x00000000)
[23:35:40.778]              // -> [ROMTableBase <= 0xE00FF000]
[23:35:40.778]            pidr1 = Read32(ROMTableBase + 0x0FE4);
[23:35:40.780]              // -> [Read32(0xE00FFFE4) => 0x00000004]   (__dp=0x00000000, __ap=0x00000000)
[23:35:40.780]              // -> [pidr1 <= 0x00000004]
[23:35:40.781]            pidr2 = Read32(ROMTableBase + 0x0FE8);
[23:35:40.782]              // -> [Read32(0xE00FFFE8) => 0x0000000A]   (__dp=0x00000000, __ap=0x00000000)
[23:35:40.782]              // -> [pidr2 <= 0x0000000A]
[23:35:40.783]            jep106id = ((pidr2 & 0x7) << 4 ) | ((pidr1 >> 4) & 0xF);
[23:35:40.783]              // -> [jep106id <= 0x00000020]
[23:35:40.783]          </block>
[23:35:40.784]          <control if="jep106id != 0x20" while="" timeout="0" info="">
[23:35:40.784]            // if-block "jep106id != 0x20"
[23:35:40.784]              // =>  FALSE
[23:35:40.785]            // skip if-block "jep106id != 0x20"
[23:35:40.785]          </control>
[23:35:40.785]        </sequence>
[23:35:40.785]    </block>
[23:35:40.786]  </sequence>
[23:35:40.786]  
[23:35:40.787]  **********  Sequence "DebugCoreStart"  (Context="Connect", Pname="", info="")
[23:35:40.787]  
[23:35:40.787]  <debugvars>
[23:35:40.788]    // Pre-defined
[23:35:40.789]    __protocol=0x00010002      (Protocol="SWD", SWJ-DP="True")
[23:35:40.789]    __connection=0x00000202    (Connection Type="Flash", Reset Type="System Reset")
[23:35:40.790]    __dp=0x00000000
[23:35:40.791]    __ap=0x00000000
[23:35:40.791]    __traceout=0x00000000      (Trace Disabled)
[23:35:40.792]    __errorcontrol=0x00000000  (Skip Errors="False")
[23:35:40.792]    __FlashAddr=0x00000000
[23:35:40.792]    __FlashLen=0x00000000
[23:35:40.793]    __FlashArg=0x00000000
[23:35:40.793]    __FlashOp=0x00000000
[23:35:40.793]    __Result=0x00000000
[23:35:40.793]    
[23:35:40.793]    // User-defined
[23:35:40.794]    DbgMCU_CR=0x00000007
[23:35:40.794]    DbgMCU_APB1_Fz=0x00000000
[23:35:40.795]    DbgMCU_APB2_Fz=0x00000000
[23:35:40.795]    TraceClk_Pin=0x00040002
[23:35:40.795]    TraceD0_Pin=0x00040003
[23:35:40.796]    TraceD1_Pin=0x00040004
[23:35:40.796]    TraceD2_Pin=0x00040005
[23:35:40.796]    TraceD3_Pin=0x00040006
[23:35:40.797]  </debugvars>
[23:35:40.797]  
[23:35:40.797]  <sequence name="DebugCoreStart" Pname="" disable="false" info="">
[23:35:40.798]    <block atomic="false" info="">
[23:35:40.798]      Write32(0xE000EDF0, 0xA05F0001);                                        // Enable Core Debug via DHCSR
[23:35:40.800]        // -> [Write32(0xE000EDF0, 0xA05F0001)]   (__dp=0x00000000, __ap=0x00000000)
[23:35:40.800]      Write32(0xE0042004, DbgMCU_CR);                                         // DBGMCU_CR: Configure MCU Debug
[23:35:40.802]        // -> [Write32(0xE0042004, 0x00000007)]   (__dp=0x00000000, __ap=0x00000000)
[23:35:40.802]      Write32(0xE0042008, DbgMCU_APB1_Fz);                                    // DBGMCU_APB1_FZ: Configure APB1 Peripheral Freeze Behavior
[23:35:40.804]        // -> [Write32(0xE0042008, 0x00000000)]   (__dp=0x00000000, __ap=0x00000000)
[23:35:40.804]      Write32(0xE004200C, DbgMCU_APB2_Fz);                                    // DBGMCU_APB1_FZ: Configure APB2 Peripheral Freeze Behavior
[23:35:40.806]        // -> [Write32(0xE004200C, 0x00000000)]   (__dp=0x00000000, __ap=0x00000000)
[23:35:40.806]    </block>
[23:35:40.807]  </sequence>
[23:35:40.807]  
[23:35:50.861]  **********  Sequence "DebugDeviceUnlock"  (Context="Connect", Pname="", info="")
[23:35:50.861]  
[23:35:50.861]  <debugvars>
[23:35:50.862]    // Pre-defined
[23:35:50.862]    __protocol=0x00010002      (Protocol="SWD", SWJ-DP="True")
[23:35:50.862]    __connection=0x00000201    (Connection Type="Debug", Reset Type="System Reset")
[23:35:50.863]    __dp=0x00000000
[23:35:50.863]    __ap=0x00000000
[23:35:50.863]    __traceout=0x00000000      (Trace Disabled)
[23:35:50.864]    __errorcontrol=0x00000000  (Skip Errors="False")
[23:35:50.864]    __FlashAddr=0x00000000
[23:35:50.865]    __FlashLen=0x00000000
[23:35:50.865]    __FlashArg=0x00000000
[23:35:50.865]    __FlashOp=0x00000000
[23:35:50.866]    __Result=0x00000000
[23:35:50.866]    
[23:35:50.866]    // User-defined
[23:35:50.866]    DbgMCU_CR=0x00000007
[23:35:50.867]    DbgMCU_APB1_Fz=0x00000000
[23:35:50.867]    DbgMCU_APB2_Fz=0x00000000
[23:35:50.867]    TraceClk_Pin=0x00040002
[23:35:50.868]    TraceD0_Pin=0x00040003
[23:35:50.868]    TraceD1_Pin=0x00040004
[23:35:50.868]    TraceD2_Pin=0x00040005
[23:35:50.869]    TraceD3_Pin=0x00040006
[23:35:50.869]  </debugvars>
[23:35:50.869]  
[23:35:50.870]  <sequence name="DebugDeviceUnlock" Pname="" disable="false" info="">
[23:35:50.870]    <block atomic="false" info="">
[23:35:50.870]      Sequence("CheckID");
[23:35:50.871]        <sequence name="CheckID" Pname="" disable="false" info="">
[23:35:50.871]          <block atomic="false" info="">
[23:35:50.871]            __var pidr1 = 0;
[23:35:50.872]              // -> [pidr1 <= 0x00000000]
[23:35:50.872]            __var pidr2 = 0;
[23:35:50.872]              // -> [pidr2 <= 0x00000000]
[23:35:50.873]            __var jep106id = 0;
[23:35:50.873]              // -> [jep106id <= 0x00000000]
[23:35:50.873]            __var ROMTableBase = 0;
[23:35:50.874]              // -> [ROMTableBase <= 0x00000000]
[23:35:50.874]            __ap = 0;      // AHB-AP
[23:35:50.875]              // -> [__ap <= 0x00000000]
[23:35:50.875]            ROMTableBase = ReadAP(0xF8) & ~0x3;
[23:35:50.876]              // -> [ReadAP(0x000000F8) => 0xE00FF003]   (__dp=0x00000000, __ap=0x00000000)
[23:35:50.876]              // -> [ROMTableBase <= 0xE00FF000]
[23:35:50.877]            pidr1 = Read32(ROMTableBase + 0x0FE4);
[23:35:50.878]              // -> [Read32(0xE00FFFE4) => 0x00000004]   (__dp=0x00000000, __ap=0x00000000)
[23:35:50.879]              // -> [pidr1 <= 0x00000004]
[23:35:50.879]            pidr2 = Read32(ROMTableBase + 0x0FE8);
[23:35:50.881]              // -> [Read32(0xE00FFFE8) => 0x0000000A]   (__dp=0x00000000, __ap=0x00000000)
[23:35:50.881]              // -> [pidr2 <= 0x0000000A]
[23:35:50.882]            jep106id = ((pidr2 & 0x7) << 4 ) | ((pidr1 >> 4) & 0xF);
[23:35:50.882]              // -> [jep106id <= 0x00000020]
[23:35:50.882]          </block>
[23:35:50.883]          <control if="jep106id != 0x20" while="" timeout="0" info="">
[23:35:50.883]            // if-block "jep106id != 0x20"
[23:35:50.883]              // =>  FALSE
[23:35:50.884]            // skip if-block "jep106id != 0x20"
[23:35:50.884]          </control>
[23:35:50.884]        </sequence>
[23:35:50.885]    </block>
[23:35:50.885]  </sequence>
[23:35:50.885]  
[23:35:50.886]  **********  Sequence "DebugCoreStart"  (Context="Connect", Pname="", info="")
[23:35:50.886]  
[23:35:50.886]  <debugvars>
[23:35:50.886]    // Pre-defined
[23:35:50.887]    __protocol=0x00010002      (Protocol="SWD", SWJ-DP="True")
[23:35:50.887]    __connection=0x00000201    (Connection Type="Debug", Reset Type="System Reset")
[23:35:50.887]    __dp=0x00000000
[23:35:50.888]    __ap=0x00000000
[23:35:50.888]    __traceout=0x00000000      (Trace Disabled)
[23:35:50.889]    __errorcontrol=0x00000000  (Skip Errors="False")
[23:35:50.889]    __FlashAddr=0x00000000
[23:35:50.889]    __FlashLen=0x00000000
[23:35:50.890]    __FlashArg=0x00000000
[23:35:50.890]    __FlashOp=0x00000000
[23:35:50.891]    __Result=0x00000000
[23:35:50.891]    
[23:35:50.891]    // User-defined
[23:35:50.891]    DbgMCU_CR=0x00000007
[23:35:50.891]    DbgMCU_APB1_Fz=0x00000000
[23:35:50.892]    DbgMCU_APB2_Fz=0x00000000
[23:35:50.892]    TraceClk_Pin=0x00040002
[23:35:50.893]    TraceD0_Pin=0x00040003
[23:35:50.894]    TraceD1_Pin=0x00040004
[23:35:50.894]    TraceD2_Pin=0x00040005
[23:35:50.894]    TraceD3_Pin=0x00040006
[23:35:50.895]  </debugvars>
[23:35:50.895]  
[23:35:50.895]  <sequence name="DebugCoreStart" Pname="" disable="false" info="">
[23:35:50.895]    <block atomic="false" info="">
[23:35:50.896]      Write32(0xE000EDF0, 0xA05F0001);                                        // Enable Core Debug via DHCSR
[23:35:50.897]        // -> [Write32(0xE000EDF0, 0xA05F0001)]   (__dp=0x00000000, __ap=0x00000000)
[23:35:50.898]      Write32(0xE0042004, DbgMCU_CR);                                         // DBGMCU_CR: Configure MCU Debug
[23:35:50.899]        // -> [Write32(0xE0042004, 0x00000007)]   (__dp=0x00000000, __ap=0x00000000)
[23:35:50.899]      Write32(0xE0042008, DbgMCU_APB1_Fz);                                    // DBGMCU_APB1_FZ: Configure APB1 Peripheral Freeze Behavior
[23:35:50.901]        // -> [Write32(0xE0042008, 0x00000000)]   (__dp=0x00000000, __ap=0x00000000)
[23:35:50.901]      Write32(0xE004200C, DbgMCU_APB2_Fz);                                    // DBGMCU_APB1_FZ: Configure APB2 Peripheral Freeze Behavior
[23:35:50.903]        // -> [Write32(0xE004200C, 0x00000000)]   (__dp=0x00000000, __ap=0x00000000)
[23:35:50.903]    </block>
[23:35:50.903]  </sequence>
[23:35:50.904]  
[23:38:41.708]  **********  Sequence "DebugDeviceUnlock"  (Context="Connect", Pname="", info="")
[23:38:41.708]  
[23:38:41.708]  <debugvars>
[23:38:41.709]    // Pre-defined
[23:38:41.710]    __protocol=0x00010002      (Protocol="SWD", SWJ-DP="True")
[23:38:41.710]    __connection=0x00000201    (Connection Type="Debug", Reset Type="System Reset")
[23:38:41.710]    __dp=0x00000000
[23:38:41.710]    __ap=0x00000000
[23:38:41.710]    __traceout=0x00000000      (Trace Disabled)
[23:38:41.711]    __errorcontrol=0x00000000  (Skip Errors="False")
[23:38:41.711]    __FlashAddr=0x00000000
[23:38:41.711]    __FlashLen=0x00000000
[23:38:41.712]    __FlashArg=0x00000000
[23:38:41.712]    __FlashOp=0x00000000
[23:38:41.713]    __Result=0x00000000
[23:38:41.713]    
[23:38:41.713]    // User-defined
[23:38:41.713]    DbgMCU_CR=0x00000007
[23:38:41.715]    DbgMCU_APB1_Fz=0x00000000
[23:38:41.715]    DbgMCU_APB2_Fz=0x00000000
[23:38:41.715]    TraceClk_Pin=0x00040002
[23:38:41.715]    TraceD0_Pin=0x00040003
[23:38:41.716]    TraceD1_Pin=0x00040004
[23:38:41.716]    TraceD2_Pin=0x00040005
[23:38:41.717]    TraceD3_Pin=0x00040006
[23:38:41.717]  </debugvars>
[23:38:41.718]  
[23:38:41.718]  <sequence name="DebugDeviceUnlock" Pname="" disable="false" info="">
[23:38:41.718]    <block atomic="false" info="">
[23:38:41.719]      Sequence("CheckID");
[23:38:41.719]        <sequence name="CheckID" Pname="" disable="false" info="">
[23:38:41.719]          <block atomic="false" info="">
[23:38:41.719]            __var pidr1 = 0;
[23:38:41.720]              // -> [pidr1 <= 0x00000000]
[23:38:41.720]            __var pidr2 = 0;
[23:38:41.721]              // -> [pidr2 <= 0x00000000]
[23:38:41.722]            __var jep106id = 0;
[23:38:41.723]              // -> [jep106id <= 0x00000000]
[23:38:41.723]            __var ROMTableBase = 0;
[23:38:41.723]              // -> [ROMTableBase <= 0x00000000]
[23:38:41.723]            __ap = 0;      // AHB-AP
[23:38:41.724]              // -> [__ap <= 0x00000000]
[23:38:41.724]            ROMTableBase = ReadAP(0xF8) & ~0x3;
[23:38:41.725]              // -> [ReadAP(0x000000F8) => 0xE00FF003]   (__dp=0x00000000, __ap=0x00000000)
[23:38:41.725]              // -> [ROMTableBase <= 0xE00FF000]
[23:38:41.726]            pidr1 = Read32(ROMTableBase + 0x0FE4);
[23:38:41.727]              // -> [Read32(0xE00FFFE4) => 0x00000004]   (__dp=0x00000000, __ap=0x00000000)
[23:38:41.728]              // -> [pidr1 <= 0x00000004]
[23:38:41.728]            pidr2 = Read32(ROMTableBase + 0x0FE8);
[23:38:41.729]              // -> [Read32(0xE00FFFE8) => 0x0000000A]   (__dp=0x00000000, __ap=0x00000000)
[23:38:41.730]              // -> [pidr2 <= 0x0000000A]
[23:38:41.730]            jep106id = ((pidr2 & 0x7) << 4 ) | ((pidr1 >> 4) & 0xF);
[23:38:41.731]              // -> [jep106id <= 0x00000020]
[23:38:41.731]          </block>
[23:38:41.731]          <control if="jep106id != 0x20" while="" timeout="0" info="">
[23:38:41.732]            // if-block "jep106id != 0x20"
[23:38:41.732]              // =>  FALSE
[23:38:41.733]            // skip if-block "jep106id != 0x20"
[23:38:41.733]          </control>
[23:38:41.734]        </sequence>
[23:38:41.734]    </block>
[23:38:41.734]  </sequence>
[23:38:41.735]  
[23:38:41.735]  **********  Sequence "DebugCoreStart"  (Context="Connect", Pname="", info="")
[23:38:41.735]  
[23:38:41.736]  <debugvars>
[23:38:41.736]    // Pre-defined
[23:38:41.737]    __protocol=0x00010002      (Protocol="SWD", SWJ-DP="True")
[23:38:41.737]    __connection=0x00000201    (Connection Type="Debug", Reset Type="System Reset")
[23:38:41.737]    __dp=0x00000000
[23:38:41.738]    __ap=0x00000000
[23:38:41.738]    __traceout=0x00000000      (Trace Disabled)
[23:38:41.739]    __errorcontrol=0x00000000  (Skip Errors="False")
[23:38:41.739]    __FlashAddr=0x00000000
[23:38:41.740]    __FlashLen=0x00000000
[23:38:41.740]    __FlashArg=0x00000000
[23:38:41.740]    __FlashOp=0x00000000
[23:38:41.741]    __Result=0x00000000
[23:38:41.741]    
[23:38:41.741]    // User-defined
[23:38:41.741]    DbgMCU_CR=0x00000007
[23:38:41.742]    DbgMCU_APB1_Fz=0x00000000
[23:38:41.742]    DbgMCU_APB2_Fz=0x00000000
[23:38:41.743]    TraceClk_Pin=0x00040002
[23:38:41.744]    TraceD0_Pin=0x00040003
[23:38:41.744]    TraceD1_Pin=0x00040004
[23:38:41.744]    TraceD2_Pin=0x00040005
[23:38:41.744]    TraceD3_Pin=0x00040006
[23:38:41.745]  </debugvars>
[23:38:41.745]  
[23:38:41.745]  <sequence name="DebugCoreStart" Pname="" disable="false" info="">
[23:38:41.746]    <block atomic="false" info="">
[23:38:41.746]      Write32(0xE000EDF0, 0xA05F0001);                                        // Enable Core Debug via DHCSR
[23:38:41.748]        // -> [Write32(0xE000EDF0, 0xA05F0001)]   (__dp=0x00000000, __ap=0x00000000)
[23:38:41.748]      Write32(0xE0042004, DbgMCU_CR);                                         // DBGMCU_CR: Configure MCU Debug
[23:38:41.750]        // -> [Write32(0xE0042004, 0x00000007)]   (__dp=0x00000000, __ap=0x00000000)
[23:38:41.750]      Write32(0xE0042008, DbgMCU_APB1_Fz);                                    // DBGMCU_APB1_FZ: Configure APB1 Peripheral Freeze Behavior
[23:38:41.752]        // -> [Write32(0xE0042008, 0x00000000)]   (__dp=0x00000000, __ap=0x00000000)
[23:38:41.752]      Write32(0xE004200C, DbgMCU_APB2_Fz);                                    // DBGMCU_APB1_FZ: Configure APB2 Peripheral Freeze Behavior
[23:38:41.753]        // -> [Write32(0xE004200C, 0x00000000)]   (__dp=0x00000000, __ap=0x00000000)
[23:38:41.754]    </block>
[23:38:41.755]  </sequence>
[23:38:41.755]  
[23:39:56.030]  **********  Sequence "DebugDeviceUnlock"  (Context="Connect", Pname="", info="")
[23:39:56.030]  
[23:39:56.077]  <debugvars>
[23:39:56.077]    // Pre-defined
[23:39:56.078]    __protocol=0x00010002      (Protocol="SWD", SWJ-DP="True")
[23:39:56.078]    __connection=0x00000201    (Connection Type="Debug", Reset Type="System Reset")
[23:39:56.078]    __dp=0x00000000
[23:39:56.079]    __ap=0x00000000
[23:39:56.079]    __traceout=0x00000000      (Trace Disabled)
[23:39:56.080]    __errorcontrol=0x00000000  (Skip Errors="False")
[23:39:56.080]    __FlashAddr=0x00000000
[23:39:56.080]    __FlashLen=0x00000000
[23:39:56.081]    __FlashArg=0x00000000
[23:39:56.081]    __FlashOp=0x00000000
[23:39:56.081]    __Result=0x00000000
[23:39:56.082]    
[23:39:56.082]    // User-defined
[23:39:56.082]    DbgMCU_CR=0x00000007
[23:39:56.082]    DbgMCU_APB1_Fz=0x00000000
[23:39:56.082]    DbgMCU_APB2_Fz=0x00000000
[23:39:56.083]    TraceClk_Pin=0x00040002
[23:39:56.083]    TraceD0_Pin=0x00040003
[23:39:56.083]    TraceD1_Pin=0x00040004
[23:39:56.084]    TraceD2_Pin=0x00040005
[23:39:56.084]    TraceD3_Pin=0x00040006
[23:39:56.084]  </debugvars>
[23:39:56.085]  
[23:39:56.085]  <sequence name="DebugDeviceUnlock" Pname="" disable="false" info="">
[23:39:56.086]    <block atomic="false" info="">
[23:39:56.086]      Sequence("CheckID");
[23:39:56.086]        <sequence name="CheckID" Pname="" disable="false" info="">
[23:39:56.087]          <block atomic="false" info="">
[23:39:56.087]            __var pidr1 = 0;
[23:39:56.088]              // -> [pidr1 <= 0x00000000]
[23:39:56.088]            __var pidr2 = 0;
[23:39:56.088]              // -> [pidr2 <= 0x00000000]
[23:39:56.088]            __var jep106id = 0;
[23:39:56.089]              // -> [jep106id <= 0x00000000]
[23:39:56.089]            __var ROMTableBase = 0;
[23:39:56.090]              // -> [ROMTableBase <= 0x00000000]
[23:39:56.090]            __ap = 0;      // AHB-AP
[23:39:56.090]              // -> [__ap <= 0x00000000]
[23:39:56.091]            ROMTableBase = ReadAP(0xF8) & ~0x3;
[23:39:56.092]              // -> [ReadAP(0x000000F8) => 0xE00FF003]   (__dp=0x00000000, __ap=0x00000000)
[23:39:56.092]              // -> [ROMTableBase <= 0xE00FF000]
[23:39:56.093]            pidr1 = Read32(ROMTableBase + 0x0FE4);
[23:39:56.094]              // -> [Read32(0xE00FFFE4) => 0x00000004]   (__dp=0x00000000, __ap=0x00000000)
[23:39:56.095]              // -> [pidr1 <= 0x00000004]
[23:39:56.095]            pidr2 = Read32(ROMTableBase + 0x0FE8);
[23:39:56.097]              // -> [Read32(0xE00FFFE8) => 0x0000000A]   (__dp=0x00000000, __ap=0x00000000)
[23:39:56.098]              // -> [pidr2 <= 0x0000000A]
[23:39:56.098]            jep106id = ((pidr2 & 0x7) << 4 ) | ((pidr1 >> 4) & 0xF);
[23:39:56.098]              // -> [jep106id <= 0x00000020]
[23:39:56.099]          </block>
[23:39:56.099]          <control if="jep106id != 0x20" while="" timeout="0" info="">
[23:39:56.100]            // if-block "jep106id != 0x20"
[23:39:56.100]              // =>  FALSE
[23:39:56.100]            // skip if-block "jep106id != 0x20"
[23:39:56.101]          </control>
[23:39:56.101]        </sequence>
[23:39:56.101]    </block>
[23:39:56.102]  </sequence>
[23:39:56.102]  
[23:39:56.103]  **********  Sequence "DebugCoreStart"  (Context="Connect", Pname="", info="")
[23:39:56.103]  
[23:39:56.104]  <debugvars>
[23:39:56.104]    // Pre-defined
[23:39:56.104]    __protocol=0x00010002      (Protocol="SWD", SWJ-DP="True")
[23:39:56.104]    __connection=0x00000201    (Connection Type="Debug", Reset Type="System Reset")
[23:39:56.105]    __dp=0x00000000
[23:39:56.105]    __ap=0x00000000
[23:39:56.106]    __traceout=0x00000000      (Trace Disabled)
[23:39:56.106]    __errorcontrol=0x00000000  (Skip Errors="False")
[23:39:56.106]    __FlashAddr=0x00000000
[23:39:56.107]    __FlashLen=0x00000000
[23:39:56.107]    __FlashArg=0x00000000
[23:39:56.108]    __FlashOp=0x00000000
[23:39:56.108]    __Result=0x00000000
[23:39:56.109]    
[23:39:56.109]    // User-defined
[23:39:56.109]    DbgMCU_CR=0x00000007
[23:39:56.109]    DbgMCU_APB1_Fz=0x00000000
[23:39:56.110]    DbgMCU_APB2_Fz=0x00000000
[23:39:56.110]    TraceClk_Pin=0x00040002
[23:39:56.111]    TraceD0_Pin=0x00040003
[23:39:56.111]    TraceD1_Pin=0x00040004
[23:39:56.111]    TraceD2_Pin=0x00040005
[23:39:56.111]    TraceD3_Pin=0x00040006
[23:39:56.112]  </debugvars>
[23:39:56.112]  
[23:39:56.112]  <sequence name="DebugCoreStart" Pname="" disable="false" info="">
[23:39:56.113]    <block atomic="false" info="">
[23:39:56.113]      Write32(0xE000EDF0, 0xA05F0001);                                        // Enable Core Debug via DHCSR
[23:39:56.115]        // -> [Write32(0xE000EDF0, 0xA05F0001)]   (__dp=0x00000000, __ap=0x00000000)
[23:39:56.115]      Write32(0xE0042004, DbgMCU_CR);                                         // DBGMCU_CR: Configure MCU Debug
[23:39:56.117]        // -> [Write32(0xE0042004, 0x00000007)]   (__dp=0x00000000, __ap=0x00000000)
[23:39:56.117]      Write32(0xE0042008, DbgMCU_APB1_Fz);                                    // DBGMCU_APB1_FZ: Configure APB1 Peripheral Freeze Behavior
[23:39:56.119]        // -> [Write32(0xE0042008, 0x00000000)]   (__dp=0x00000000, __ap=0x00000000)
[23:39:56.119]      Write32(0xE004200C, DbgMCU_APB2_Fz);                                    // DBGMCU_APB1_FZ: Configure APB2 Peripheral Freeze Behavior
[23:39:56.121]        // -> [Write32(0xE004200C, 0x00000000)]   (__dp=0x00000000, __ap=0x00000000)
[23:39:56.121]    </block>
[23:39:56.121]  </sequence>
[23:39:56.122]  
[07:49:34.611]  **********  Sequence "DebugDeviceUnlock"  (Context="Connect", Pname="", info="")
[07:49:34.611]  
[07:49:34.611]  <debugvars>
[07:49:34.611]    // Pre-defined
[07:49:34.611]    __protocol=0x00010002      (Protocol="SWD", SWJ-DP="True")
[07:49:34.612]    __connection=0x00000201    (Connection Type="Debug", Reset Type="System Reset")
[07:49:34.612]    __dp=0x00000000
[07:49:34.612]    __ap=0x00000000
[07:49:34.612]    __traceout=0x00000000      (Trace Disabled)
[07:49:34.612]    __errorcontrol=0x00000000  (Skip Errors="False")
[07:49:34.613]    __FlashAddr=0x00000000
[07:49:34.613]    __FlashLen=0x00000000
[07:49:34.613]    __FlashArg=0x00000000
[07:49:34.613]    __FlashOp=0x00000000
[07:49:34.613]    __Result=0x00000000
[07:49:34.613]    
[07:49:34.613]    // User-defined
[07:49:34.613]    DbgMCU_CR=0x00000007
[07:49:34.614]    DbgMCU_APB1_Fz=0x00000000
[07:49:34.614]    DbgMCU_APB2_Fz=0x00000000
[07:49:34.614]    TraceClk_Pin=0x00040002
[07:49:34.614]    TraceD0_Pin=0x00040003
[07:49:34.614]    TraceD1_Pin=0x00040004
[07:49:34.614]    TraceD2_Pin=0x00040005
[07:49:34.614]    TraceD3_Pin=0x00040006
[07:49:34.615]  </debugvars>
[07:49:34.615]  
[07:49:34.615]  <sequence name="DebugDeviceUnlock" Pname="" disable="false" info="">
[07:49:34.615]    <block atomic="false" info="">
[07:49:34.615]      Sequence("CheckID");
[07:49:34.616]        <sequence name="CheckID" Pname="" disable="false" info="">
[07:49:34.616]          <block atomic="false" info="">
[07:49:34.616]            __var pidr1 = 0;
[07:49:34.616]              // -> [pidr1 <= 0x00000000]
[07:49:34.616]            __var pidr2 = 0;
[07:49:34.616]              // -> [pidr2 <= 0x00000000]
[07:49:34.616]            __var jep106id = 0;
[07:49:34.616]              // -> [jep106id <= 0x00000000]
[07:49:34.617]            __var ROMTableBase = 0;
[07:49:34.617]              // -> [ROMTableBase <= 0x00000000]
[07:49:34.617]            __ap = 0;      // AHB-AP
[07:49:34.617]              // -> [__ap <= 0x00000000]
[07:49:34.617]            ROMTableBase = ReadAP(0xF8) & ~0x3;
[07:49:34.617]              // -> [ReadAP(0x000000F8) => 0xE00FF003]   (__dp=0x00000000, __ap=0x00000000)
[07:49:34.617]              // -> [ROMTableBase <= 0xE00FF000]
[07:49:34.618]            pidr1 = Read32(ROMTableBase + 0x0FE4);
[07:49:34.618]              // -> [Read32(0xE00FFFE4) => 0x00000004]   (__dp=0x00000000, __ap=0x00000000)
[07:49:34.618]              // -> [pidr1 <= 0x00000004]
[07:49:34.619]            pidr2 = Read32(ROMTableBase + 0x0FE8);
[07:49:34.619]              // -> [Read32(0xE00FFFE8) => 0x0000000A]   (__dp=0x00000000, __ap=0x00000000)
[07:49:34.619]              // -> [pidr2 <= 0x0000000A]
[07:49:34.619]            jep106id = ((pidr2 & 0x7) << 4 ) | ((pidr1 >> 4) & 0xF);
[07:49:34.620]              // -> [jep106id <= 0x00000020]
[07:49:34.620]          </block>
[07:49:34.620]          <control if="jep106id != 0x20" while="" timeout="0" info="">
[07:49:34.620]            // if-block "jep106id != 0x20"
[07:49:34.620]              // =>  FALSE
[07:49:34.620]            // skip if-block "jep106id != 0x20"
[07:49:34.620]          </control>
[07:49:34.620]        </sequence>
[07:49:34.620]    </block>
[07:49:34.621]  </sequence>
[07:49:34.621]  
[07:49:34.621]  **********  Sequence "DebugCoreStart"  (Context="Connect", Pname="", info="")
[07:49:34.621]  
[07:49:34.621]  <debugvars>
[07:49:34.621]    // Pre-defined
[07:49:34.621]    __protocol=0x00010002      (Protocol="SWD", SWJ-DP="True")
[07:49:34.621]    __connection=0x00000201    (Connection Type="Debug", Reset Type="System Reset")
[07:49:34.621]    __dp=0x00000000
[07:49:34.622]    __ap=0x00000000
[07:49:34.622]    __traceout=0x00000000      (Trace Disabled)
[07:49:34.622]    __errorcontrol=0x00000000  (Skip Errors="False")
[07:49:34.622]    __FlashAddr=0x00000000
[07:49:34.622]    __FlashLen=0x00000000
[07:49:34.622]    __FlashArg=0x00000000
[07:49:34.622]    __FlashOp=0x00000000
[07:49:34.623]    __Result=0x00000000
[07:49:34.623]    
[07:49:34.623]    // User-defined
[07:49:34.623]    DbgMCU_CR=0x00000007
[07:49:34.623]    DbgMCU_APB1_Fz=0x00000000
[07:49:34.623]    DbgMCU_APB2_Fz=0x00000000
[07:49:34.624]    TraceClk_Pin=0x00040002
[07:49:34.624]    TraceD0_Pin=0x00040003
[07:49:34.624]    TraceD1_Pin=0x00040004
[07:49:34.624]    TraceD2_Pin=0x00040005
[07:49:34.624]    TraceD3_Pin=0x00040006
[07:49:34.625]  </debugvars>
[07:49:34.626]  
[07:49:34.626]  <sequence name="DebugCoreStart" Pname="" disable="false" info="">
[07:49:34.626]    <block atomic="false" info="">
[07:49:34.626]      Write32(0xE000EDF0, 0xA05F0001);                                        // Enable Core Debug via DHCSR
[07:49:34.627]        // -> [Write32(0xE000EDF0, 0xA05F0001)]   (__dp=0x00000000, __ap=0x00000000)
[07:49:34.627]      Write32(0xE0042004, DbgMCU_CR);                                         // DBGMCU_CR: Configure MCU Debug
[07:49:34.627]        // -> [Write32(0xE0042004, 0x00000007)]   (__dp=0x00000000, __ap=0x00000000)
[07:49:34.628]      Write32(0xE0042008, DbgMCU_APB1_Fz);                                    // DBGMCU_APB1_FZ: Configure APB1 Peripheral Freeze Behavior
[07:49:34.629]        // -> [Write32(0xE0042008, 0x00000000)]   (__dp=0x00000000, __ap=0x00000000)
[07:49:34.629]      Write32(0xE004200C, DbgMCU_APB2_Fz);                                    // DBGMCU_APB1_FZ: Configure APB2 Peripheral Freeze Behavior
[07:49:34.630]        // -> [Write32(0xE004200C, 0x00000000)]   (__dp=0x00000000, __ap=0x00000000)
[07:49:34.631]    </block>
[07:49:34.631]  </sequence>
[07:49:34.631]  
